<?xml version="1.0" encoding="UTF-8"?>
<!-- Generated by org.testng.reporters.JUnitReportReporter -->
<testsuite hostname="114759-T470P" name="com.vuclip.testcases.AppInstallTest" tests="1" failures="0" timestamp="12 Aug 2018 16:44:38 GMT" time="1.314" errors="0">
  <testcase name="verifyAppInstall" time="1.314" classname="com.vuclip.testcases.AppInstallTest"/>
</testsuite> <!-- com.vuclip.testcases.AppInstallTest -->
