<?xml version="1.0" encoding="UTF-8"?>
<!-- Generated by org.testng.reporters.JUnitReportReporter -->
<testsuite hostname="114759-T470P" name="com.vuclipassignment.automationframework.FirstTest" tests="1" failures="0" timestamp="7 Aug 2018 05:07:15 GMT" time="6.590" errors="0">
  <testcase name="SimpleTest" time="6.590" classname="com.vuclipassignment.automationframework.FirstTest"/>
</testsuite> <!-- com.vuclipassignment.automationframework.FirstTest -->
