<?xml version="1.0" encoding="UTF-8"?>
<!-- Generated by org.testng.reporters.JUnitReportReporter -->
<testsuite hostname="114759-T470P" name="com.vuclip.testcases.VideoContentPageTest" tests="2" failures="0" timestamp="12 Aug 2018 16:44:38 GMT" time="281.322" errors="0">
  <testcase name="PlayVideo" time="62.338" classname="com.vuclip.testcases.VideoContentPageTest"/>
  <testcase name="DownloadVideoTest" time="218.984" classname="com.vuclip.testcases.VideoContentPageTest"/>
</testsuite> <!-- com.vuclip.testcases.VideoContentPageTest -->
