<?xml version="1.0" encoding="UTF-8"?>
<!-- Generated by org.testng.reporters.JUnitReportReporter -->
<testsuite hostname="114759-T470P" name="com.vuclip.testcases.FirstTest" tests="1" failures="0" timestamp="9 Aug 2018 11:04:27 GMT" time="0.004" errors="0">
  <testcase name="SimpleTest" time="0.004" classname="com.vuclip.testcases.FirstTest"/>
</testsuite> <!-- com.vuclip.testcases.FirstTest -->
